2018-09-22 11:13:36,174 ERROR: Exception on /auth/login [GET] [in /Users/stan/MyFlaskPrograms/microblog/venv_mb/lib/python3.6/site-packages/flask/app.py:1761]
Traceback (most recent call last):
  File "/Users/stan/MyFlaskPrograms/microblog/venv_mb/lib/python3.6/site-packages/flask/app.py", line 2292, in wsgi_app
    response = self.full_dispatch_request()
  File "/Users/stan/MyFlaskPrograms/microblog/venv_mb/lib/python3.6/site-packages/flask/app.py", line 1815, in full_dispatch_request
    rv = self.handle_user_exception(e)
  File "/Users/stan/MyFlaskPrograms/microblog/venv_mb/lib/python3.6/site-packages/flask/app.py", line 1718, in handle_user_exception
    reraise(exc_type, exc_value, tb)
  File "/Users/stan/MyFlaskPrograms/microblog/venv_mb/lib/python3.6/site-packages/flask/_compat.py", line 35, in reraise
    raise value
  File "/Users/stan/MyFlaskPrograms/microblog/venv_mb/lib/python3.6/site-packages/flask/app.py", line 1813, in full_dispatch_request
    rv = self.dispatch_request()
  File "/Users/stan/MyFlaskPrograms/microblog/venv_mb/lib/python3.6/site-packages/flask/app.py", line 1799, in dispatch_request
    return self.view_functions[rule.endpoint](**req.view_args)
  File "/Users/stan/MyFlaskPrograms/microblog/app/auth/routes.py", line 28, in login
    return render_template('auth/login.html', title=_('Sign In'), form=form)
  File "/Users/stan/MyFlaskPrograms/microblog/venv_mb/lib/python3.6/site-packages/flask/templating.py", line 135, in render_template
    context, ctx.app)
  File "/Users/stan/MyFlaskPrograms/microblog/venv_mb/lib/python3.6/site-packages/flask/templating.py", line 117, in _render
    rv = template.render(context)
  File "/Users/stan/MyFlaskPrograms/microblog/venv_mb/lib/python3.6/site-packages/jinja2/asyncsupport.py", line 76, in render
    return original_render(self, *args, **kwargs)
  File "/Users/stan/MyFlaskPrograms/microblog/venv_mb/lib/python3.6/site-packages/jinja2/environment.py", line 1008, in render
    return self.environment.handle_exception(exc_info, True)
  File "/Users/stan/MyFlaskPrograms/microblog/venv_mb/lib/python3.6/site-packages/jinja2/environment.py", line 780, in handle_exception
    reraise(exc_type, exc_value, tb)
  File "/Users/stan/MyFlaskPrograms/microblog/venv_mb/lib/python3.6/site-packages/jinja2/_compat.py", line 37, in reraise
    raise value.with_traceback(tb)
  File "/Users/stan/MyFlaskPrograms/microblog/app/templates/auth/login.html", line 2, in top-level template code
    {% import 'bootstrap/wtf.html' as wtf %}
  File "/Users/stan/MyFlaskPrograms/microblog/app/templates/base.html", line 1, in top-level template code
    {% extends 'bootstrap/base.html' %}
  File "/Users/stan/MyFlaskPrograms/microblog/venv_mb/lib/python3.6/site-packages/flask_bootstrap/templates/bootstrap/base.html", line 1, in top-level template code
    {% block doc -%}
  File "/Users/stan/MyFlaskPrograms/microblog/venv_mb/lib/python3.6/site-packages/flask_bootstrap/templates/bootstrap/base.html", line 4, in block "doc"
    {%- block html %}
  File "/Users/stan/MyFlaskPrograms/microblog/venv_mb/lib/python3.6/site-packages/flask_bootstrap/templates/bootstrap/base.html", line 20, in block "html"
    {% block body -%}
  File "/Users/stan/MyFlaskPrograms/microblog/venv_mb/lib/python3.6/site-packages/flask_bootstrap/templates/bootstrap/base.html", line 21, in block "body"
    {% block navbar %}
  File "/Users/stan/MyFlaskPrograms/microblog/app/templates/base.html", line 17, in block "navbar"
    <a class="navbar-brand" href="{{ url_for('index') }}">Microblog</a>
  File "/Users/stan/MyFlaskPrograms/microblog/venv_mb/lib/python3.6/site-packages/flask/helpers.py", line 356, in url_for
    return appctx.app.handle_url_build_error(error, endpoint, values)
  File "/Users/stan/MyFlaskPrograms/microblog/venv_mb/lib/python3.6/site-packages/flask/app.py", line 2061, in handle_url_build_error
    reraise(exc_type, exc_value, tb)
  File "/Users/stan/MyFlaskPrograms/microblog/venv_mb/lib/python3.6/site-packages/flask/_compat.py", line 35, in reraise
    raise value
  File "/Users/stan/MyFlaskPrograms/microblog/venv_mb/lib/python3.6/site-packages/flask/helpers.py", line 345, in url_for
    force_external=external)
  File "/Users/stan/MyFlaskPrograms/microblog/venv_mb/lib/python3.6/site-packages/werkzeug/routing.py", line 1776, in build
    raise BuildError(endpoint, values, method, self)
werkzeug.routing.BuildError: Could not build url for endpoint 'index'. Did you mean 'main.index' instead?
2018-09-22 11:45:53,887 INFO: Microblog startup [in /Users/stan/MyFlaskPrograms/microblog/app/__init__.py:74]
2018-09-22 11:45:58,583 ERROR: Exception on /auth/login [GET] [in /Users/stan/MyFlaskPrograms/microblog/venv_mb/lib/python3.6/site-packages/flask/app.py:1761]
Traceback (most recent call last):
  File "/Users/stan/MyFlaskPrograms/microblog/venv_mb/lib/python3.6/site-packages/flask/app.py", line 2292, in wsgi_app
    response = self.full_dispatch_request()
  File "/Users/stan/MyFlaskPrograms/microblog/venv_mb/lib/python3.6/site-packages/flask/app.py", line 1815, in full_dispatch_request
    rv = self.handle_user_exception(e)
  File "/Users/stan/MyFlaskPrograms/microblog/venv_mb/lib/python3.6/site-packages/flask/app.py", line 1718, in handle_user_exception
    reraise(exc_type, exc_value, tb)
  File "/Users/stan/MyFlaskPrograms/microblog/venv_mb/lib/python3.6/site-packages/flask/_compat.py", line 35, in reraise
    raise value
  File "/Users/stan/MyFlaskPrograms/microblog/venv_mb/lib/python3.6/site-packages/flask/app.py", line 1813, in full_dispatch_request
    rv = self.dispatch_request()
  File "/Users/stan/MyFlaskPrograms/microblog/venv_mb/lib/python3.6/site-packages/flask/app.py", line 1799, in dispatch_request
    return self.view_functions[rule.endpoint](**req.view_args)
  File "/Users/stan/MyFlaskPrograms/microblog/app/auth/routes.py", line 28, in login
    return render_template('auth/login.html', title=_('Sign In'), form=form)
  File "/Users/stan/MyFlaskPrograms/microblog/venv_mb/lib/python3.6/site-packages/flask/templating.py", line 135, in render_template
    context, ctx.app)
  File "/Users/stan/MyFlaskPrograms/microblog/venv_mb/lib/python3.6/site-packages/flask/templating.py", line 117, in _render
    rv = template.render(context)
  File "/Users/stan/MyFlaskPrograms/microblog/venv_mb/lib/python3.6/site-packages/jinja2/asyncsupport.py", line 76, in render
    return original_render(self, *args, **kwargs)
  File "/Users/stan/MyFlaskPrograms/microblog/venv_mb/lib/python3.6/site-packages/jinja2/environment.py", line 1008, in render
    return self.environment.handle_exception(exc_info, True)
  File "/Users/stan/MyFlaskPrograms/microblog/venv_mb/lib/python3.6/site-packages/jinja2/environment.py", line 780, in handle_exception
    reraise(exc_type, exc_value, tb)
  File "/Users/stan/MyFlaskPrograms/microblog/venv_mb/lib/python3.6/site-packages/jinja2/_compat.py", line 37, in reraise
    raise value.with_traceback(tb)
  File "/Users/stan/MyFlaskPrograms/microblog/app/templates/auth/login.html", line 2, in top-level template code
    {% import 'bootstrap/wtf.html' as wtf %}
  File "/Users/stan/MyFlaskPrograms/microblog/app/templates/base.html", line 1, in top-level template code
    {% extends 'bootstrap/base.html' %}
  File "/Users/stan/MyFlaskPrograms/microblog/venv_mb/lib/python3.6/site-packages/flask_bootstrap/templates/bootstrap/base.html", line 1, in top-level template code
    {% block doc -%}
  File "/Users/stan/MyFlaskPrograms/microblog/venv_mb/lib/python3.6/site-packages/flask_bootstrap/templates/bootstrap/base.html", line 4, in block "doc"
    {%- block html %}
  File "/Users/stan/MyFlaskPrograms/microblog/venv_mb/lib/python3.6/site-packages/flask_bootstrap/templates/bootstrap/base.html", line 20, in block "html"
    {% block body -%}
  File "/Users/stan/MyFlaskPrograms/microblog/venv_mb/lib/python3.6/site-packages/flask_bootstrap/templates/bootstrap/base.html", line 21, in block "body"
    {% block navbar %}
  File "/Users/stan/MyFlaskPrograms/microblog/app/templates/base.html", line 17, in block "navbar"
    <a class="navbar-brand" href="{{ url_for('index') }}">Microblog</a>
  File "/Users/stan/MyFlaskPrograms/microblog/venv_mb/lib/python3.6/site-packages/flask/helpers.py", line 356, in url_for
    return appctx.app.handle_url_build_error(error, endpoint, values)
  File "/Users/stan/MyFlaskPrograms/microblog/venv_mb/lib/python3.6/site-packages/flask/app.py", line 2061, in handle_url_build_error
    reraise(exc_type, exc_value, tb)
  File "/Users/stan/MyFlaskPrograms/microblog/venv_mb/lib/python3.6/site-packages/flask/_compat.py", line 35, in reraise
    raise value
  File "/Users/stan/MyFlaskPrograms/microblog/venv_mb/lib/python3.6/site-packages/flask/helpers.py", line 345, in url_for
    force_external=external)
  File "/Users/stan/MyFlaskPrograms/microblog/venv_mb/lib/python3.6/site-packages/werkzeug/routing.py", line 1776, in build
    raise BuildError(endpoint, values, method, self)
werkzeug.routing.BuildError: Could not build url for endpoint 'index'. Did you mean 'main.index' instead?
